build/app/intermediates/manifest_merge_blame_file/debug/manifest-merger-blame-debug-report.txt
1<?xml version="1.0" encoding="utf-8"?>
2<manifest xmlns:android="http://schemas.android.com/apk/res/android"
3    package="com.example.digital_note"
4    android:versionCode="1"
5    android:versionName="1.0.0" >
6
7    <uses-sdk
8        android:minSdkVersion="21"
9        android:targetSdkVersion="33" />
10    <!--
11         The INTERNET permission is required for development. Specifically,
12         the Flutter tool needs it to communicate with the running application
13         to allow setting breakpoints, to provide hot reload, etc.
14    -->
15    <uses-permission android:name="android.permission.INTERNET" />
15-->src/main/AndroidManifest.xml:3:5-66
15-->src/main/AndroidManifest.xml:3:22-64
16    <uses-permission android:name="android.permission.RECORD_AUDIO" />
16-->src/main/AndroidManifest.xml:2:5-70
16-->src/main/AndroidManifest.xml:2:22-68
17    <uses-permission android:name="android.permission.BLUETOOTH_CONNECT" />
17-->[:speech_to_text] AndroidManifest.xml:9:5-76
17-->[:speech_to_text] AndroidManifest.xml:9:22-73
18
19    <queries>
19-->[:upi_india] AndroidManifest.xml:9:5-15:15
20        <intent>
20-->[:upi_india] AndroidManifest.xml:10:9-14:18
21            <action android:name="android.intent.action.VIEW" />
21-->[:upi_india] AndroidManifest.xml:11:13-65
21-->[:upi_india] AndroidManifest.xml:11:21-62
22
23            <data android:scheme="upi" />
23-->[:upi_india] AndroidManifest.xml:13:13-42
23-->[:upi_india] AndroidManifest.xml:13:19-39
24        </intent>
25    </queries>
26    <queries>
26-->[:upi_india] AndroidManifest.xml:9:5-15:15
27        <package android:name="com.lcode.allahabadupi" />
28        <package android:name="in.amazon.mShop.android.shopping" />
29        <package android:name="com.upi.axispay" />
30        <package android:name="com.bankofbaroda.upi" />
31        <package android:name="in.org.npci.upiapp" />
32        <package android:name="com.infra.boiupi" />
33        <package android:name="com.infrasofttech.centralbankupi" />
34        <package android:name="in.cointab.app" />
35        <package android:name="com.lcode.corpupi" />
36        <package android:name="com.lcode.csbupi" />
37        <package android:name="com.cub.wallet.gui" />
38        <package android:name="com.dbs.in.digitalbank" />
39        <package android:name="com.olive.dcb.upi" />
40        <package android:name="com.equitasbank.upi" />
41        <package android:name="com.finopaytech.bpayfino" />
42        <package android:name="com.freecharge.android" />
43        <package android:name="com.google.android.apps.nbu.paisa.user" />
44        <package android:name="com.mgs.hsbcupi" />
45        <package android:name="com.csam.icici.bank.imobile" />
46        <package android:name="com.mgs.induspsp" />
47        <package android:name="com.lcode.smartz" />
48        <package android:name="com.khaalijeb.inkdrops" />
49        <package android:name="com.msf.kbank.mobile" />
50        <package android:name="com.infrasofttech.mahaupi" />
51        <package android:name="com.mipay.in.wallet" />
52        <package android:name="com.mipay.wallet.in" />
53        <package android:name="com.mobikwik_new" />
54        <package android:name="com.mgs.obcbank" />
55        <package android:name="net.one97.paytm" />
56        <package android:name="com.idbibank.paywiz" />
57        <package android:name="com.enstage.wibmo.hdfc" />
58        <package android:name="com.phonepe.app" />
59        <package android:name="com.fss.pnbpsp" />
60        <package android:name="com.mobileware.upipsb" />
61        <package android:name="com.rblbank.upi" />
62        <package android:name="com.realmepay.payments" />
63        <package android:name="com.sbi.upi" />
64        <package android:name="com.truecaller" />
65        <package android:name="com.fss.unbipsp" />
66        <package android:name="com.fss.vijayapsp" />
67        <package android:name="com.YesBank" />
68    </queries>
69
70    <uses-permission android:name="android.permission.ACCESS_NETWORK_STATE" />
70-->[com.google.firebase:firebase-auth:22.1.2] AndroidManifest.xml:26:5-79
70-->[com.google.firebase:firebase-auth:22.1.2] AndroidManifest.xml:26:22-76
71
72    <application
73        android:name="android.app.Application"
74        android:appComponentFactory="androidx.core.app.CoreComponentFactory"
74-->[androidx.core:core:1.6.0] AndroidManifest.xml:24:18-86
75        android:debuggable="true"
76        android:icon="@mipmap/ic_launcher"
77        android:label="Digital Note" >
78        <activity
79            android:name="com.example.digital_note.MainActivity"
80            android:configChanges="orientation|keyboardHidden|keyboard|screenSize|smallestScreenSize|locale|layoutDirection|fontScale|screenLayout|density|uiMode"
81            android:exported="true"
82            android:hardwareAccelerated="true"
83            android:launchMode="singleTop"
84            android:theme="@style/LaunchTheme"
85            android:windowSoftInputMode="adjustResize" >
86
87            <!--
88                 Specifies an Android theme to apply to this Activity as soon as
89                 the Android process has started. This theme is visible to the user
90                 while the Flutter UI initializes. After that, this theme continues
91                 to determine the Window background behind the Flutter UI.
92            -->
93            <meta-data
94                android:name="io.flutter.embedding.android.NormalTheme"
95                android:resource="@style/NormalTheme" />
96
97            <intent-filter>
98                <action android:name="android.intent.action.MAIN" />
99
100                <category android:name="android.intent.category.LAUNCHER" />
101            </intent-filter>
102        </activity>
103        <!--
104             Don't delete the meta-data below.
105             This is used by the Flutter tool to generate GeneratedPluginRegistrant.java
106        -->
107        <meta-data
108            android:name="flutterEmbedding"
109            android:value="2" />
110
111        <service
111-->[:firebase_auth] AndroidManifest.xml:10:9-14:19
112            android:name="com.google.firebase.components.ComponentDiscoveryService"
112-->[:firebase_auth] AndroidManifest.xml:10:18-89
113            android:directBootAware="true"
113-->[com.google.firebase:firebase-common:20.3.3] AndroidManifest.xml:34:13-43
114            android:exported="false" >
114-->[com.google.firebase:firebase-auth:22.1.2] AndroidManifest.xml:68:13-37
115            <meta-data
115-->[:firebase_auth] AndroidManifest.xml:11:13-13:85
116                android:name="com.google.firebase.components:io.flutter.plugins.firebase.auth.FlutterFirebaseAuthRegistrar"
116-->[:firebase_auth] AndroidManifest.xml:12:17-124
117                android:value="com.google.firebase.components.ComponentRegistrar" />
117-->[:firebase_auth] AndroidManifest.xml:13:17-82
118            <meta-data
118-->[:cloud_firestore] AndroidManifest.xml:11:13-13:85
119                android:name="com.google.firebase.components:io.flutter.plugins.firebase.firestore.FlutterFirebaseFirestoreRegistrar"
119-->[:cloud_firestore] AndroidManifest.xml:12:17-134
120                android:value="com.google.firebase.components.ComponentRegistrar" />
120-->[:cloud_firestore] AndroidManifest.xml:13:17-82
121            <meta-data
121-->[:firebase_core] AndroidManifest.xml:11:13-13:85
122                android:name="com.google.firebase.components:io.flutter.plugins.firebase.core.FlutterFirebaseCoreRegistrar"
122-->[:firebase_core] AndroidManifest.xml:12:17-124
123                android:value="com.google.firebase.components.ComponentRegistrar" />
123-->[:firebase_core] AndroidManifest.xml:13:17-82
124            <meta-data
124-->[com.google.firebase:firebase-auth:22.1.2] AndroidManifest.xml:69:13-71:85
125                android:name="com.google.firebase.components:com.google.firebase.auth.FirebaseAuthRegistrar"
125-->[com.google.firebase:firebase-auth:22.1.2] AndroidManifest.xml:70:17-109
126                android:value="com.google.firebase.components.ComponentRegistrar" />
126-->[com.google.firebase:firebase-auth:22.1.2] AndroidManifest.xml:71:17-82
127            <meta-data
127-->[com.google.firebase:firebase-firestore:24.8.1] AndroidManifest.xml:17:13-19:85
128                android:name="com.google.firebase.components:com.google.firebase.firestore.FirestoreRegistrar"
128-->[com.google.firebase:firebase-firestore:24.8.1] AndroidManifest.xml:18:17-111
129                android:value="com.google.firebase.components.ComponentRegistrar" />
129-->[com.google.firebase:firebase-firestore:24.8.1] AndroidManifest.xml:19:17-82
130        </service>
131
132        <activity
132-->[com.google.firebase:firebase-auth:22.1.2] AndroidManifest.xml:29:9-46:20
133            android:name="com.google.firebase.auth.internal.GenericIdpActivity"
133-->[com.google.firebase:firebase-auth:22.1.2] AndroidManifest.xml:30:13-80
134            android:excludeFromRecents="true"
134-->[com.google.firebase:firebase-auth:22.1.2] AndroidManifest.xml:31:13-46
135            android:exported="true"
135-->[com.google.firebase:firebase-auth:22.1.2] AndroidManifest.xml:32:13-36
136            android:launchMode="singleTask"
136-->[com.google.firebase:firebase-auth:22.1.2] AndroidManifest.xml:33:13-44
137            android:theme="@android:style/Theme.Translucent.NoTitleBar" >
137-->[com.google.firebase:firebase-auth:22.1.2] AndroidManifest.xml:34:13-72
138            <intent-filter>
138-->[com.google.firebase:firebase-auth:22.1.2] AndroidManifest.xml:35:13-45:29
139                <action android:name="android.intent.action.VIEW" />
139-->[:upi_india] AndroidManifest.xml:11:13-65
139-->[:upi_india] AndroidManifest.xml:11:21-62
140
141                <category android:name="android.intent.category.DEFAULT" />
141-->[com.google.firebase:firebase-auth:22.1.2] AndroidManifest.xml:38:17-76
141-->[com.google.firebase:firebase-auth:22.1.2] AndroidManifest.xml:38:27-73
142                <category android:name="android.intent.category.BROWSABLE" />
142-->[com.google.firebase:firebase-auth:22.1.2] AndroidManifest.xml:39:17-78
142-->[com.google.firebase:firebase-auth:22.1.2] AndroidManifest.xml:39:27-75
143
144                <data
144-->[:upi_india] AndroidManifest.xml:13:13-42
145                    android:host="firebase.auth"
146                    android:path="/"
147                    android:scheme="genericidp" />
147-->[:upi_india] AndroidManifest.xml:13:19-39
148            </intent-filter>
149        </activity>
150        <activity
150-->[com.google.firebase:firebase-auth:22.1.2] AndroidManifest.xml:47:9-64:20
151            android:name="com.google.firebase.auth.internal.RecaptchaActivity"
151-->[com.google.firebase:firebase-auth:22.1.2] AndroidManifest.xml:48:13-79
152            android:excludeFromRecents="true"
152-->[com.google.firebase:firebase-auth:22.1.2] AndroidManifest.xml:49:13-46
153            android:exported="true"
153-->[com.google.firebase:firebase-auth:22.1.2] AndroidManifest.xml:50:13-36
154            android:launchMode="singleTask"
154-->[com.google.firebase:firebase-auth:22.1.2] AndroidManifest.xml:51:13-44
155            android:theme="@android:style/Theme.Translucent.NoTitleBar" >
155-->[com.google.firebase:firebase-auth:22.1.2] AndroidManifest.xml:52:13-72
156            <intent-filter>
156-->[com.google.firebase:firebase-auth:22.1.2] AndroidManifest.xml:53:13-63:29
157                <action android:name="android.intent.action.VIEW" />
157-->[:upi_india] AndroidManifest.xml:11:13-65
157-->[:upi_india] AndroidManifest.xml:11:21-62
158
159                <category android:name="android.intent.category.DEFAULT" />
159-->[com.google.firebase:firebase-auth:22.1.2] AndroidManifest.xml:38:17-76
159-->[com.google.firebase:firebase-auth:22.1.2] AndroidManifest.xml:38:27-73
160                <category android:name="android.intent.category.BROWSABLE" />
160-->[com.google.firebase:firebase-auth:22.1.2] AndroidManifest.xml:39:17-78
160-->[com.google.firebase:firebase-auth:22.1.2] AndroidManifest.xml:39:27-75
161
162                <data
162-->[:upi_india] AndroidManifest.xml:13:13-42
163                    android:host="firebase.auth"
164                    android:path="/"
165                    android:scheme="recaptcha" />
165-->[:upi_india] AndroidManifest.xml:13:19-39
166            </intent-filter>
167        </activity>
168
169        <uses-library
169-->[androidx.window:window:1.0.0-beta04] AndroidManifest.xml:25:9-27:40
170            android:name="androidx.window.extensions"
170-->[androidx.window:window:1.0.0-beta04] AndroidManifest.xml:26:13-54
171            android:required="false" />
171-->[androidx.window:window:1.0.0-beta04] AndroidManifest.xml:27:13-37
172        <uses-library
172-->[androidx.window:window:1.0.0-beta04] AndroidManifest.xml:28:9-30:40
173            android:name="androidx.window.sidecar"
173-->[androidx.window:window:1.0.0-beta04] AndroidManifest.xml:29:13-51
174            android:required="false" />
174-->[androidx.window:window:1.0.0-beta04] AndroidManifest.xml:30:13-37
175
176        <provider
176-->[com.google.firebase:firebase-common:20.3.3] AndroidManifest.xml:25:9-30:39
177            android:name="com.google.firebase.provider.FirebaseInitProvider"
177-->[com.google.firebase:firebase-common:20.3.3] AndroidManifest.xml:26:13-77
178            android:authorities="com.example.digital_note.firebaseinitprovider"
178-->[com.google.firebase:firebase-common:20.3.3] AndroidManifest.xml:27:13-72
179            android:directBootAware="true"
179-->[com.google.firebase:firebase-common:20.3.3] AndroidManifest.xml:28:13-43
180            android:exported="false"
180-->[com.google.firebase:firebase-common:20.3.3] AndroidManifest.xml:29:13-37
181            android:initOrder="100" />
181-->[com.google.firebase:firebase-common:20.3.3] AndroidManifest.xml:30:13-36
182
183        <activity
183-->[com.google.android.gms:play-services-auth:20.7.0] AndroidManifest.xml:23:9-27:75
184            android:name="com.google.android.gms.auth.api.signin.internal.SignInHubActivity"
184-->[com.google.android.gms:play-services-auth:20.7.0] AndroidManifest.xml:24:13-93
185            android:excludeFromRecents="true"
185-->[com.google.android.gms:play-services-auth:20.7.0] AndroidManifest.xml:25:13-46
186            android:exported="false"
186-->[com.google.android.gms:play-services-auth:20.7.0] AndroidManifest.xml:26:13-37
187            android:theme="@android:style/Theme.Translucent.NoTitleBar" />
187-->[com.google.android.gms:play-services-auth:20.7.0] AndroidManifest.xml:27:13-72
188        <!--
189            Service handling Google Sign-In user revocation. For apps that do not integrate with
190            Google Sign-In, this service will never be started.
191        -->
192        <service
192-->[com.google.android.gms:play-services-auth:20.7.0] AndroidManifest.xml:33:9-37:51
193            android:name="com.google.android.gms.auth.api.signin.RevocationBoundService"
193-->[com.google.android.gms:play-services-auth:20.7.0] AndroidManifest.xml:34:13-89
194            android:exported="true"
194-->[com.google.android.gms:play-services-auth:20.7.0] AndroidManifest.xml:35:13-36
195            android:permission="com.google.android.gms.auth.api.signin.permission.REVOCATION_NOTIFICATION"
195-->[com.google.android.gms:play-services-auth:20.7.0] AndroidManifest.xml:36:13-107
196            android:visibleToInstantApps="true" />
196-->[com.google.android.gms:play-services-auth:20.7.0] AndroidManifest.xml:37:13-48
197
198        <activity
198-->[com.google.android.gms:play-services-base:18.0.1] AndroidManifest.xml:20:9-22:45
199            android:name="com.google.android.gms.common.api.GoogleApiActivity"
199-->[com.google.android.gms:play-services-base:18.0.1] AndroidManifest.xml:20:19-85
200            android:exported="false"
200-->[com.google.android.gms:play-services-base:18.0.1] AndroidManifest.xml:22:19-43
201            android:theme="@android:style/Theme.Translucent.NoTitleBar" />
201-->[com.google.android.gms:play-services-base:18.0.1] AndroidManifest.xml:21:19-78
202
203        <meta-data
203-->[com.google.android.gms:play-services-basement:18.2.0] AndroidManifest.xml:21:9-23:69
204            android:name="com.google.android.gms.version"
204-->[com.google.android.gms:play-services-basement:18.2.0] AndroidManifest.xml:22:13-58
205            android:value="@integer/google_play_services_version" />
205-->[com.google.android.gms:play-services-basement:18.2.0] AndroidManifest.xml:23:13-66
206    </application>
207
208</manifest>